<?xml version="1.0" encoding="UTF-8"?>
<!-- Generated by org.testng.reporters.JUnitReportReporter -->
<testsuite hostname="DESKTOP-83KHEEO" failures="0" tests="1" name="base_Utility_Class.Test_Class" time="6.567" errors="0" timestamp="2024-11-19T18:03:34 IST" skipped="0">
  <testcase classname="base_Utility_Class.Test_Class" name="VerifyError" time="6.567"/>
  <system-out/>
</testsuite> <!-- base_Utility_Class.Test_Class -->
